[0.096s] DEBUG:colcon:Command line arguments: ['/usr/bin/colcon', 'build']
[0.096s] DEBUG:colcon:Parsed command line arguments: Namespace(log_base=None, log_level=None, verb_name='build', build_base='build', install_base='install', merge_install=False, symlink_install=False, test_result_base=None, continue_on_error=False, executor='parallel', parallel_workers=20, event_handlers=None, ignore_user_meta=False, metas=['./colcon.meta'], base_paths=['.'], packages_ignore=None, packages_ignore_regex=None, paths=None, packages_up_to=None, packages_up_to_regex=None, packages_above=None, packages_above_and_dependencies=None, packages_above_depth=None, packages_select_by_dep=None, packages_skip_by_dep=None, packages_skip_up_to=None, packages_select_build_failed=False, packages_skip_build_finished=False, packages_select_test_failures=False, packages_skip_test_passed=False, packages_select=None, packages_skip=None, packages_select_regex=None, packages_skip_regex=None, packages_start=None, packages_end=None, allow_overriding=[], cmake_args=None, cmake_target=None, cmake_target_skip_unavailable=False, cmake_clean_cache=False, cmake_clean_first=False, cmake_force_configure=False, ament_cmake_args=None, catkin_cmake_args=None, catkin_skip_building_tests=False, verb_parser=<colcon_defaults.argument_parser.defaults.DefaultArgumentsDecorator object at 0x736bbc64bf50>, verb_extension=<colcon_core.verb.build.BuildVerb object at 0x736bbc777380>, main=<bound method BuildVerb.main of <colcon_core.verb.build.BuildVerb object at 0x736bbc777380>>)
[0.129s] Level 1:colcon.colcon_core.package_discovery:discover_packages(colcon_meta) check parameters
[0.130s] Level 1:colcon.colcon_core.package_discovery:discover_packages(recursive) check parameters
[0.130s] Level 1:colcon.colcon_core.package_discovery:discover_packages(ignore) check parameters
[0.130s] Level 1:colcon.colcon_core.package_discovery:discover_packages(path) check parameters
[0.130s] Level 1:colcon.colcon_core.package_discovery:discover_packages(colcon_meta) discover
[0.130s] Level 1:colcon.colcon_core.package_discovery:discover_packages(recursive) discover
[0.130s] INFO:colcon.colcon_core.package_discovery:Crawling recursively for packages in '/home/liuiu/桌面/slambook/src'
[0.130s] Level 1:colcon.colcon_core.package_identification:_identify(.) by extensions ['ignore', 'ignore_ament_install']
[0.130s] Level 1:colcon.colcon_core.package_identification:_identify(.) by extension 'ignore'
[0.130s] Level 1:colcon.colcon_core.package_identification:_identify(.) by extension 'ignore_ament_install'
[0.130s] Level 1:colcon.colcon_core.package_identification:_identify(.) by extensions ['colcon_pkg']
[0.130s] Level 1:colcon.colcon_core.package_identification:_identify(.) by extension 'colcon_pkg'
[0.130s] Level 1:colcon.colcon_core.package_identification:_identify(.) by extensions ['colcon_meta']
[0.130s] Level 1:colcon.colcon_core.package_identification:_identify(.) by extension 'colcon_meta'
[0.130s] Level 1:colcon.colcon_core.package_identification:_identify(.) by extensions ['ros']
[0.130s] Level 1:colcon.colcon_core.package_identification:_identify(.) by extension 'ros'
[0.154s] Level 1:colcon.colcon_core.package_identification:_identify(.) by extensions ['cmake', 'python']
[0.154s] Level 1:colcon.colcon_core.package_identification:_identify(.) by extension 'cmake'
[0.154s] Level 1:colcon.colcon_core.package_identification:_identify(.) by extension 'python'
[0.154s] Level 1:colcon.colcon_core.package_identification:_identify(.) by extensions ['python_setup_py']
[0.154s] Level 1:colcon.colcon_core.package_identification:_identify(.) by extension 'python_setup_py'
[0.154s] Level 1:colcon.colcon_core.package_identification:_identify(build) by extensions ['ignore', 'ignore_ament_install']
[0.154s] Level 1:colcon.colcon_core.package_identification:_identify(build) by extension 'ignore'
[0.154s] Level 1:colcon.colcon_core.package_identification:_identify(build) ignored
[0.154s] Level 1:colcon.colcon_core.package_identification:_identify(ch2) by extensions ['ignore', 'ignore_ament_install']
[0.155s] Level 1:colcon.colcon_core.package_identification:_identify(ch2) by extension 'ignore'
[0.155s] Level 1:colcon.colcon_core.package_identification:_identify(ch2) by extension 'ignore_ament_install'
[0.155s] Level 1:colcon.colcon_core.package_identification:_identify(ch2) by extensions ['colcon_pkg']
[0.155s] Level 1:colcon.colcon_core.package_identification:_identify(ch2) by extension 'colcon_pkg'
[0.155s] Level 1:colcon.colcon_core.package_identification:_identify(ch2) by extensions ['colcon_meta']
[0.155s] Level 1:colcon.colcon_core.package_identification:_identify(ch2) by extension 'colcon_meta'
[0.155s] Level 1:colcon.colcon_core.package_identification:_identify(ch2) by extensions ['ros']
[0.155s] Level 1:colcon.colcon_core.package_identification:_identify(ch2) by extension 'ros'
[0.158s] DEBUG:colcon.colcon_core.package_identification:Package 'ch2' with type 'ros.ament_cmake' and name 'ch2'
[0.158s] Level 1:colcon.colcon_core.package_identification:_identify(install) by extensions ['ignore', 'ignore_ament_install']
[0.158s] Level 1:colcon.colcon_core.package_identification:_identify(install) by extension 'ignore'
[0.158s] Level 1:colcon.colcon_core.package_identification:_identify(install) ignored
[0.158s] Level 1:colcon.colcon_core.package_identification:_identify(log) by extensions ['ignore', 'ignore_ament_install']
[0.158s] Level 1:colcon.colcon_core.package_identification:_identify(log) by extension 'ignore'
[0.158s] Level 1:colcon.colcon_core.package_identification:_identify(log) ignored
[0.158s] Level 1:colcon.colcon_core.package_discovery:discover_packages(recursive) using defaults
[0.158s] Level 1:colcon.colcon_core.package_discovery:discover_packages(ignore) discover
[0.158s] Level 1:colcon.colcon_core.package_discovery:discover_packages(ignore) using defaults
[0.158s] Level 1:colcon.colcon_core.package_discovery:discover_packages(path) discover
[0.158s] Level 1:colcon.colcon_core.package_discovery:discover_packages(path) using defaults
[0.174s] Level 1:colcon.colcon_core.package_discovery:discover_packages(prefix_path) check parameters
[0.174s] Level 1:colcon.colcon_core.package_discovery:discover_packages(prefix_path) discover
[0.176s] DEBUG:colcon.colcon_installed_package_information.package_discovery:Found 2 installed packages in /home/liuiu/桌面/slambook/src/install
[0.176s] DEBUG:colcon.colcon_installed_package_information.package_discovery:Found 1 installed packages in /home/liuiu/桌面/slambook/install
[0.178s] DEBUG:colcon.colcon_installed_package_information.package_discovery:Found 285 installed packages in /opt/ros/jazzy
[0.179s] Level 1:colcon.colcon_core.package_discovery:discover_packages(prefix_path) using defaults
[0.220s] Level 5:colcon.colcon_core.verb:set package 'ch2' build argument 'cmake_args' from command line to 'None'
[0.220s] Level 5:colcon.colcon_core.verb:set package 'ch2' build argument 'cmake_target' from command line to 'None'
[0.220s] Level 5:colcon.colcon_core.verb:set package 'ch2' build argument 'cmake_target_skip_unavailable' from command line to 'False'
[0.220s] Level 5:colcon.colcon_core.verb:set package 'ch2' build argument 'cmake_clean_cache' from command line to 'False'
[0.220s] Level 5:colcon.colcon_core.verb:set package 'ch2' build argument 'cmake_clean_first' from command line to 'False'
[0.220s] Level 5:colcon.colcon_core.verb:set package 'ch2' build argument 'cmake_force_configure' from command line to 'False'
[0.220s] Level 5:colcon.colcon_core.verb:set package 'ch2' build argument 'ament_cmake_args' from command line to 'None'
[0.220s] Level 5:colcon.colcon_core.verb:set package 'ch2' build argument 'catkin_cmake_args' from command line to 'None'
[0.220s] Level 5:colcon.colcon_core.verb:set package 'ch2' build argument 'catkin_skip_building_tests' from command line to 'False'
[0.221s] DEBUG:colcon.colcon_core.verb:Building package 'ch2' with the following arguments: {'ament_cmake_args': None, 'build_base': '/home/liuiu/桌面/slambook/src/build/ch2', 'catkin_cmake_args': None, 'catkin_skip_building_tests': False, 'cmake_args': None, 'cmake_clean_cache': False, 'cmake_clean_first': False, 'cmake_force_configure': False, 'cmake_target': None, 'cmake_target_skip_unavailable': False, 'install_base': '/home/liuiu/桌面/slambook/src/install/ch2', 'merge_install': False, 'path': '/home/liuiu/桌面/slambook/src/ch2', 'symlink_install': False, 'test_result_base': None}
[0.221s] INFO:colcon.colcon_core.executor:Executing jobs using 'parallel' executor
[0.221s] DEBUG:colcon.colcon_parallel_executor.executor.parallel:run_until_complete
[0.222s] INFO:colcon.colcon_ros.task.ament_cmake.build:Building ROS package in '/home/liuiu/桌面/slambook/src/ch2' with build type 'ament_cmake'
[0.222s] INFO:colcon.colcon_cmake.task.cmake.build:Building CMake package in '/home/liuiu/桌面/slambook/src/ch2'
[0.223s] INFO:colcon.colcon_core.plugin_system:Skipping extension 'colcon_core.shell.bat': Not used on non-Windows systems
[0.223s] INFO:colcon.colcon_core.shell:Skip shell extension 'powershell' for command environment: Not usable outside of PowerShell
[0.223s] DEBUG:colcon.colcon_core.shell:Skip shell extension 'dsv' for command environment
[0.232s] DEBUG:colcon.colcon_core.event_handler.log_command:Invoking command in '/home/liuiu/桌面/slambook/src/build/ch2': CMAKE_PREFIX_PATH=${CMAKE_PREFIX_PATH}:/opt/ros/jazzy DEBUGINFOD_URLS=https://debuginfod.ubuntu.com /usr/bin/cmake --build /home/liuiu/桌面/slambook/src/build/ch2 -- -j20 -l20
[0.293s] DEBUG:colcon.colcon_core.event_handler.log_command:Invoked command in '/home/liuiu/桌面/slambook/src/build/ch2' returned '0': CMAKE_PREFIX_PATH=${CMAKE_PREFIX_PATH}:/opt/ros/jazzy DEBUGINFOD_URLS=https://debuginfod.ubuntu.com /usr/bin/cmake --build /home/liuiu/桌面/slambook/src/build/ch2 -- -j20 -l20
[0.320s] DEBUG:colcon.colcon_core.event_handler.log_command:Invoking command in '/home/liuiu/桌面/slambook/src/build/ch2': CMAKE_PREFIX_PATH=${CMAKE_PREFIX_PATH}:/opt/ros/jazzy DEBUGINFOD_URLS=https://debuginfod.ubuntu.com /usr/bin/cmake --install /home/liuiu/桌面/slambook/src/build/ch2
[0.328s] Level 1:colcon.colcon_core.environment:create_environment_scripts_only(ch2)
[0.329s] DEBUG:colcon.colcon_core.event_handler.log_command:Invoked command in '/home/liuiu/桌面/slambook/src/build/ch2' returned '0': CMAKE_PREFIX_PATH=${CMAKE_PREFIX_PATH}:/opt/ros/jazzy DEBUGINFOD_URLS=https://debuginfod.ubuntu.com /usr/bin/cmake --install /home/liuiu/桌面/slambook/src/build/ch2
[0.331s] Level 1:colcon.colcon_core.environment:checking '/home/liuiu/桌面/slambook/src/install/ch2' for CMake module files
[0.332s] Level 1:colcon.colcon_core.environment:checking '/home/liuiu/桌面/slambook/src/install/ch2' for CMake config files
[0.332s] Level 1:colcon.colcon_core.shell:create_environment_hook('ch2', 'cmake_prefix_path')
[0.332s] INFO:colcon.colcon_core.shell:Creating environment hook '/home/liuiu/桌面/slambook/src/install/ch2/share/ch2/hook/cmake_prefix_path.ps1'
[0.333s] INFO:colcon.colcon_core.shell:Creating environment descriptor '/home/liuiu/桌面/slambook/src/install/ch2/share/ch2/hook/cmake_prefix_path.dsv'
[0.333s] INFO:colcon.colcon_core.shell:Creating environment hook '/home/liuiu/桌面/slambook/src/install/ch2/share/ch2/hook/cmake_prefix_path.sh'
[0.334s] Level 1:colcon.colcon_core.environment:checking '/home/liuiu/桌面/slambook/src/install/ch2/lib'
[0.334s] Level 1:colcon.colcon_core.environment:checking '/home/liuiu/桌面/slambook/src/install/ch2/bin'
[0.334s] Level 1:colcon.colcon_core.environment:checking '/home/liuiu/桌面/slambook/src/install/ch2/lib/pkgconfig/ch2.pc'
[0.334s] Level 1:colcon.colcon_core.environment:checking '/home/liuiu/桌面/slambook/src/install/ch2/lib/python3.12/site-packages'
[0.335s] Level 1:colcon.colcon_core.environment:checking '/home/liuiu/桌面/slambook/src/install/ch2/bin'
[0.335s] INFO:colcon.colcon_core.shell:Creating package script '/home/liuiu/桌面/slambook/src/install/ch2/share/ch2/package.ps1'
[0.335s] INFO:colcon.colcon_core.shell:Creating package descriptor '/home/liuiu/桌面/slambook/src/install/ch2/share/ch2/package.dsv'
[0.336s] INFO:colcon.colcon_core.shell:Creating package script '/home/liuiu/桌面/slambook/src/install/ch2/share/ch2/package.sh'
[0.337s] INFO:colcon.colcon_core.shell:Creating package script '/home/liuiu/桌面/slambook/src/install/ch2/share/ch2/package.bash'
[0.337s] INFO:colcon.colcon_core.shell:Creating package script '/home/liuiu/桌面/slambook/src/install/ch2/share/ch2/package.zsh'
[0.338s] Level 1:colcon.colcon_core.environment:create_file_with_runtime_dependencies(/home/liuiu/桌面/slambook/src/install/ch2/share/colcon-core/packages/ch2)
[0.358s] Level 1:colcon.colcon_core.environment:create_environment_scripts_only(ch2)
[0.358s] Level 1:colcon.colcon_core.environment:checking '/home/liuiu/桌面/slambook/src/install/ch2' for CMake module files
[0.359s] Level 1:colcon.colcon_core.environment:checking '/home/liuiu/桌面/slambook/src/install/ch2' for CMake config files
[0.359s] Level 1:colcon.colcon_core.shell:create_environment_hook('ch2', 'cmake_prefix_path')
[0.359s] INFO:colcon.colcon_core.shell:Creating environment hook '/home/liuiu/桌面/slambook/src/install/ch2/share/ch2/hook/cmake_prefix_path.ps1'
[0.360s] INFO:colcon.colcon_core.shell:Creating environment descriptor '/home/liuiu/桌面/slambook/src/install/ch2/share/ch2/hook/cmake_prefix_path.dsv'
[0.360s] INFO:colcon.colcon_core.shell:Creating environment hook '/home/liuiu/桌面/slambook/src/install/ch2/share/ch2/hook/cmake_prefix_path.sh'
[0.361s] Level 1:colcon.colcon_core.environment:checking '/home/liuiu/桌面/slambook/src/install/ch2/lib'
[0.361s] Level 1:colcon.colcon_core.environment:checking '/home/liuiu/桌面/slambook/src/install/ch2/bin'
[0.361s] Level 1:colcon.colcon_core.environment:checking '/home/liuiu/桌面/slambook/src/install/ch2/lib/pkgconfig/ch2.pc'
[0.361s] Level 1:colcon.colcon_core.environment:checking '/home/liuiu/桌面/slambook/src/install/ch2/lib/python3.12/site-packages'
[0.361s] Level 1:colcon.colcon_core.environment:checking '/home/liuiu/桌面/slambook/src/install/ch2/bin'
[0.361s] INFO:colcon.colcon_core.shell:Creating package script '/home/liuiu/桌面/slambook/src/install/ch2/share/ch2/package.ps1'
[0.362s] INFO:colcon.colcon_core.shell:Creating package descriptor '/home/liuiu/桌面/slambook/src/install/ch2/share/ch2/package.dsv'
[0.362s] INFO:colcon.colcon_core.shell:Creating package script '/home/liuiu/桌面/slambook/src/install/ch2/share/ch2/package.sh'
[0.363s] INFO:colcon.colcon_core.shell:Creating package script '/home/liuiu/桌面/slambook/src/install/ch2/share/ch2/package.bash'
[0.363s] INFO:colcon.colcon_core.shell:Creating package script '/home/liuiu/桌面/slambook/src/install/ch2/share/ch2/package.zsh'
[0.364s] Level 1:colcon.colcon_core.environment:create_file_with_runtime_dependencies(/home/liuiu/桌面/slambook/src/install/ch2/share/colcon-core/packages/ch2)
[0.364s] DEBUG:colcon.colcon_parallel_executor.executor.parallel:closing loop
[0.364s] DEBUG:colcon.colcon_parallel_executor.executor.parallel:loop closed
[0.364s] DEBUG:colcon.colcon_parallel_executor.executor.parallel:run_until_complete finished with '0'
[0.364s] DEBUG:colcon.colcon_core.event_reactor:joining thread
[0.371s] INFO:colcon.colcon_core.plugin_system:Skipping extension 'colcon_notification.desktop_notification.terminal_notifier': Not used on non-Darwin systems
[0.371s] INFO:colcon.colcon_core.plugin_system:Skipping extension 'colcon_notification.desktop_notification.win32': Not used on non-Windows systems
[0.371s] INFO:colcon.colcon_notification.desktop_notification:Sending desktop notification using 'notify2'
[0.391s] DEBUG:colcon.colcon_core.event_reactor:joined thread
[0.391s] INFO:colcon.colcon_core.shell:Creating prefix script '/home/liuiu/桌面/slambook/src/install/local_setup.ps1'
[0.392s] INFO:colcon.colcon_core.shell:Creating prefix util module '/home/liuiu/桌面/slambook/src/install/_local_setup_util_ps1.py'
[0.393s] INFO:colcon.colcon_core.shell:Creating prefix chain script '/home/liuiu/桌面/slambook/src/install/setup.ps1'
[0.394s] INFO:colcon.colcon_core.shell:Creating prefix script '/home/liuiu/桌面/slambook/src/install/local_setup.sh'
[0.394s] INFO:colcon.colcon_core.shell:Creating prefix util module '/home/liuiu/桌面/slambook/src/install/_local_setup_util_sh.py'
[0.395s] INFO:colcon.colcon_core.shell:Creating prefix chain script '/home/liuiu/桌面/slambook/src/install/setup.sh'
[0.396s] INFO:colcon.colcon_core.shell:Creating prefix script '/home/liuiu/桌面/slambook/src/install/local_setup.bash'
[0.396s] INFO:colcon.colcon_core.shell:Creating prefix chain script '/home/liuiu/桌面/slambook/src/install/setup.bash'
[0.397s] INFO:colcon.colcon_core.shell:Creating prefix script '/home/liuiu/桌面/slambook/src/install/local_setup.zsh'
[0.397s] INFO:colcon.colcon_core.shell:Creating prefix chain script '/home/liuiu/桌面/slambook/src/install/setup.zsh'
