[0.010s] Invoking command in '/home/liuiu/桌面/slambook/src/build/ch2': CMAKE_PREFIX_PATH=${CMAKE_PREFIX_PATH}:/opt/ros/jazzy DEBUGINFOD_URLS=https://debuginfod.ubuntu.com /usr/bin/cmake --build /home/liuiu/桌面/slambook/src/build/ch2 -- -j20 -l20
[0.062s] [100%] Built target helloSLAM
[0.071s] Invoked command in '/home/liuiu/桌面/slambook/src/build/ch2' returned '0': CMAKE_PREFIX_PATH=${CMAKE_PREFIX_PATH}:/opt/ros/jazzy DEBUGINFOD_URLS=https://debuginfod.ubuntu.com /usr/bin/cmake --build /home/liuiu/桌面/slambook/src/build/ch2 -- -j20 -l20
[0.098s] Invoking command in '/home/liuiu/桌面/slambook/src/build/ch2': CMAKE_PREFIX_PATH=${CMAKE_PREFIX_PATH}:/opt/ros/jazzy DEBUGINFOD_URLS=https://debuginfod.ubuntu.com /usr/bin/cmake --install /home/liuiu/桌面/slambook/src/build/ch2
[0.104s] -- Install configuration: ""
[0.104s] -- Up-to-date: /home/liuiu/桌面/slambook/src/install/ch2/share/ament_index/resource_index/package_run_dependencies/ch2
[0.104s] -- Up-to-date: /home/liuiu/桌面/slambook/src/install/ch2/share/ament_index/resource_index/parent_prefix_path/ch2
[0.105s] -- Up-to-date: /home/liuiu/桌面/slambook/src/install/ch2/share/ch2/environment/ament_prefix_path.sh
[0.105s] -- Up-to-date: /home/liuiu/桌面/slambook/src/install/ch2/share/ch2/environment/ament_prefix_path.dsv
[0.105s] -- Up-to-date: /home/liuiu/桌面/slambook/src/install/ch2/share/ch2/environment/path.sh
[0.105s] -- Up-to-date: /home/liuiu/桌面/slambook/src/install/ch2/share/ch2/environment/path.dsv
[0.105s] -- Up-to-date: /home/liuiu/桌面/slambook/src/install/ch2/share/ch2/local_setup.bash
[0.105s] -- Up-to-date: /home/liuiu/桌面/slambook/src/install/ch2/share/ch2/local_setup.sh
[0.105s] -- Up-to-date: /home/liuiu/桌面/slambook/src/install/ch2/share/ch2/local_setup.zsh
[0.105s] -- Up-to-date: /home/liuiu/桌面/slambook/src/install/ch2/share/ch2/local_setup.dsv
[0.105s] -- Installing: /home/liuiu/桌面/slambook/src/install/ch2/share/ch2/package.dsv
[0.105s] -- Up-to-date: /home/liuiu/桌面/slambook/src/install/ch2/share/ament_index/resource_index/packages/ch2
[0.105s] -- Up-to-date: /home/liuiu/桌面/slambook/src/install/ch2/share/ch2/cmake/ch2Config.cmake
[0.106s] -- Up-to-date: /home/liuiu/桌面/slambook/src/install/ch2/share/ch2/cmake/ch2Config-version.cmake
[0.106s] -- Up-to-date: /home/liuiu/桌面/slambook/src/install/ch2/share/ch2/package.xml
[0.106s] -- Up-to-date: /home/liuiu/桌面/slambook/src/install/ch2/lib/ch2/helloSLAM
[0.107s] Invoked command in '/home/liuiu/桌面/slambook/src/build/ch2' returned '0': CMAKE_PREFIX_PATH=${CMAKE_PREFIX_PATH}:/opt/ros/jazzy DEBUGINFOD_URLS=https://debuginfod.ubuntu.com /usr/bin/cmake --install /home/liuiu/桌面/slambook/src/build/ch2
