[0.095s] DEBUG:colcon:Command line arguments: ['/usr/bin/colcon', 'build']
[0.095s] DEBUG:colcon:Parsed command line arguments: Namespace(log_base=None, log_level=None, verb_name='build', build_base='build', install_base='install', merge_install=False, symlink_install=False, test_result_base=None, continue_on_error=False, executor='parallel', parallel_workers=20, event_handlers=None, ignore_user_meta=False, metas=['./colcon.meta'], base_paths=['.'], packages_ignore=None, packages_ignore_regex=None, paths=None, packages_up_to=None, packages_up_to_regex=None, packages_above=None, packages_above_and_dependencies=None, packages_above_depth=None, packages_select_by_dep=None, packages_skip_by_dep=None, packages_skip_up_to=None, packages_select_build_failed=False, packages_skip_build_finished=False, packages_select_test_failures=False, packages_skip_test_passed=False, packages_select=None, packages_skip=None, packages_select_regex=None, packages_skip_regex=None, packages_start=None, packages_end=None, allow_overriding=[], cmake_args=None, cmake_target=None, cmake_target_skip_unavailable=False, cmake_clean_cache=False, cmake_clean_first=False, cmake_force_configure=False, ament_cmake_args=None, catkin_cmake_args=None, catkin_skip_building_tests=False, verb_parser=<colcon_defaults.argument_parser.defaults.DefaultArgumentsDecorator object at 0x7afa2ce1bdd0>, verb_extension=<colcon_core.verb.build.BuildVerb object at 0x7afa2d8b2090>, main=<bound method BuildVerb.main of <colcon_core.verb.build.BuildVerb object at 0x7afa2d8b2090>>)
[0.129s] Level 1:colcon.colcon_core.package_discovery:discover_packages(colcon_meta) check parameters
[0.129s] Level 1:colcon.colcon_core.package_discovery:discover_packages(recursive) check parameters
[0.129s] Level 1:colcon.colcon_core.package_discovery:discover_packages(ignore) check parameters
[0.129s] Level 1:colcon.colcon_core.package_discovery:discover_packages(path) check parameters
[0.129s] Level 1:colcon.colcon_core.package_discovery:discover_packages(colcon_meta) discover
[0.129s] Level 1:colcon.colcon_core.package_discovery:discover_packages(recursive) discover
[0.129s] INFO:colcon.colcon_core.package_discovery:Crawling recursively for packages in '/home/liuiu/桌面/slambook/src'
[0.129s] Level 1:colcon.colcon_core.package_identification:_identify(.) by extensions ['ignore', 'ignore_ament_install']
[0.129s] Level 1:colcon.colcon_core.package_identification:_identify(.) by extension 'ignore'
[0.130s] Level 1:colcon.colcon_core.package_identification:_identify(.) by extension 'ignore_ament_install'
[0.130s] Level 1:colcon.colcon_core.package_identification:_identify(.) by extensions ['colcon_pkg']
[0.130s] Level 1:colcon.colcon_core.package_identification:_identify(.) by extension 'colcon_pkg'
[0.130s] Level 1:colcon.colcon_core.package_identification:_identify(.) by extensions ['colcon_meta']
[0.130s] Level 1:colcon.colcon_core.package_identification:_identify(.) by extension 'colcon_meta'
[0.130s] Level 1:colcon.colcon_core.package_identification:_identify(.) by extensions ['ros']
[0.130s] Level 1:colcon.colcon_core.package_identification:_identify(.) by extension 'ros'
[0.154s] Level 1:colcon.colcon_core.package_identification:_identify(.) by extensions ['cmake', 'python']
[0.154s] Level 1:colcon.colcon_core.package_identification:_identify(.) by extension 'cmake'
[0.154s] Level 1:colcon.colcon_core.package_identification:_identify(.) by extension 'python'
[0.154s] Level 1:colcon.colcon_core.package_identification:_identify(.) by extensions ['python_setup_py']
[0.154s] Level 1:colcon.colcon_core.package_identification:_identify(.) by extension 'python_setup_py'
[0.154s] Level 1:colcon.colcon_core.package_identification:_identify(build) by extensions ['ignore', 'ignore_ament_install']
[0.154s] Level 1:colcon.colcon_core.package_identification:_identify(build) by extension 'ignore'
[0.154s] Level 1:colcon.colcon_core.package_identification:_identify(build) ignored
[0.154s] Level 1:colcon.colcon_core.package_identification:_identify(ch1) by extensions ['ignore', 'ignore_ament_install']
[0.154s] Level 1:colcon.colcon_core.package_identification:_identify(ch1) by extension 'ignore'
[0.154s] Level 1:colcon.colcon_core.package_identification:_identify(ch1) by extension 'ignore_ament_install'
[0.154s] Level 1:colcon.colcon_core.package_identification:_identify(ch1) by extensions ['colcon_pkg']
[0.154s] Level 1:colcon.colcon_core.package_identification:_identify(ch1) by extension 'colcon_pkg'
[0.155s] Level 1:colcon.colcon_core.package_identification:_identify(ch1) by extensions ['colcon_meta']
[0.155s] Level 1:colcon.colcon_core.package_identification:_identify(ch1) by extension 'colcon_meta'
[0.155s] Level 1:colcon.colcon_core.package_identification:_identify(ch1) by extensions ['ros']
[0.155s] Level 1:colcon.colcon_core.package_identification:_identify(ch1) by extension 'ros'
[0.157s] DEBUG:colcon.colcon_core.package_identification:Package 'ch1' with type 'ros.ament_cmake' and name 'ch1'
[0.157s] Level 1:colcon.colcon_core.package_identification:_identify(ch2) by extensions ['ignore', 'ignore_ament_install']
[0.158s] Level 1:colcon.colcon_core.package_identification:_identify(ch2) by extension 'ignore'
[0.158s] Level 1:colcon.colcon_core.package_identification:_identify(ch2) by extension 'ignore_ament_install'
[0.158s] Level 1:colcon.colcon_core.package_identification:_identify(ch2) by extensions ['colcon_pkg']
[0.158s] Level 1:colcon.colcon_core.package_identification:_identify(ch2) by extension 'colcon_pkg'
[0.158s] Level 1:colcon.colcon_core.package_identification:_identify(ch2) by extensions ['colcon_meta']
[0.158s] Level 1:colcon.colcon_core.package_identification:_identify(ch2) by extension 'colcon_meta'
[0.158s] Level 1:colcon.colcon_core.package_identification:_identify(ch2) by extensions ['ros']
[0.158s] Level 1:colcon.colcon_core.package_identification:_identify(ch2) by extension 'ros'
[0.158s] DEBUG:colcon.colcon_core.package_identification:Package 'ch2' with type 'ros.ament_cmake' and name 'ch2'
[0.158s] Level 1:colcon.colcon_core.package_identification:_identify(install) by extensions ['ignore', 'ignore_ament_install']
[0.158s] Level 1:colcon.colcon_core.package_identification:_identify(install) by extension 'ignore'
[0.159s] Level 1:colcon.colcon_core.package_identification:_identify(install) ignored
[0.159s] Level 1:colcon.colcon_core.package_identification:_identify(log) by extensions ['ignore', 'ignore_ament_install']
[0.159s] Level 1:colcon.colcon_core.package_identification:_identify(log) by extension 'ignore'
[0.159s] Level 1:colcon.colcon_core.package_identification:_identify(log) ignored
[0.159s] Level 1:colcon.colcon_core.package_discovery:discover_packages(recursive) using defaults
[0.159s] Level 1:colcon.colcon_core.package_discovery:discover_packages(ignore) discover
[0.159s] Level 1:colcon.colcon_core.package_discovery:discover_packages(ignore) using defaults
[0.159s] Level 1:colcon.colcon_core.package_discovery:discover_packages(path) discover
[0.159s] Level 1:colcon.colcon_core.package_discovery:discover_packages(path) using defaults
[0.175s] Level 1:colcon.colcon_core.package_discovery:discover_packages(prefix_path) check parameters
[0.175s] Level 1:colcon.colcon_core.package_discovery:discover_packages(prefix_path) discover
[0.177s] DEBUG:colcon.colcon_installed_package_information.package_discovery:Found 1 installed packages in /home/liuiu/桌面/slambook/install
[0.178s] DEBUG:colcon.colcon_installed_package_information.package_discovery:Found 285 installed packages in /opt/ros/jazzy
[0.179s] Level 1:colcon.colcon_core.package_discovery:discover_packages(prefix_path) using defaults
[0.221s] Level 5:colcon.colcon_core.verb:set package 'ch1' build argument 'cmake_args' from command line to 'None'
[0.221s] Level 5:colcon.colcon_core.verb:set package 'ch1' build argument 'cmake_target' from command line to 'None'
[0.221s] Level 5:colcon.colcon_core.verb:set package 'ch1' build argument 'cmake_target_skip_unavailable' from command line to 'False'
[0.222s] Level 5:colcon.colcon_core.verb:set package 'ch1' build argument 'cmake_clean_cache' from command line to 'False'
[0.222s] Level 5:colcon.colcon_core.verb:set package 'ch1' build argument 'cmake_clean_first' from command line to 'False'
[0.222s] Level 5:colcon.colcon_core.verb:set package 'ch1' build argument 'cmake_force_configure' from command line to 'False'
[0.222s] Level 5:colcon.colcon_core.verb:set package 'ch1' build argument 'ament_cmake_args' from command line to 'None'
[0.222s] Level 5:colcon.colcon_core.verb:set package 'ch1' build argument 'catkin_cmake_args' from command line to 'None'
[0.222s] Level 5:colcon.colcon_core.verb:set package 'ch1' build argument 'catkin_skip_building_tests' from command line to 'False'
[0.222s] DEBUG:colcon.colcon_core.verb:Building package 'ch1' with the following arguments: {'ament_cmake_args': None, 'build_base': '/home/liuiu/桌面/slambook/src/build/ch1', 'catkin_cmake_args': None, 'catkin_skip_building_tests': False, 'cmake_args': None, 'cmake_clean_cache': False, 'cmake_clean_first': False, 'cmake_force_configure': False, 'cmake_target': None, 'cmake_target_skip_unavailable': False, 'install_base': '/home/liuiu/桌面/slambook/src/install/ch1', 'merge_install': False, 'path': '/home/liuiu/桌面/slambook/src/ch1', 'symlink_install': False, 'test_result_base': None}
[0.222s] Level 5:colcon.colcon_core.verb:set package 'ch2' build argument 'cmake_args' from command line to 'None'
[0.222s] Level 5:colcon.colcon_core.verb:set package 'ch2' build argument 'cmake_target' from command line to 'None'
[0.222s] Level 5:colcon.colcon_core.verb:set package 'ch2' build argument 'cmake_target_skip_unavailable' from command line to 'False'
[0.222s] Level 5:colcon.colcon_core.verb:set package 'ch2' build argument 'cmake_clean_cache' from command line to 'False'
[0.222s] Level 5:colcon.colcon_core.verb:set package 'ch2' build argument 'cmake_clean_first' from command line to 'False'
[0.222s] Level 5:colcon.colcon_core.verb:set package 'ch2' build argument 'cmake_force_configure' from command line to 'False'
[0.222s] Level 5:colcon.colcon_core.verb:set package 'ch2' build argument 'ament_cmake_args' from command line to 'None'
[0.222s] Level 5:colcon.colcon_core.verb:set package 'ch2' build argument 'catkin_cmake_args' from command line to 'None'
[0.222s] Level 5:colcon.colcon_core.verb:set package 'ch2' build argument 'catkin_skip_building_tests' from command line to 'False'
[0.222s] DEBUG:colcon.colcon_core.verb:Building package 'ch2' with the following arguments: {'ament_cmake_args': None, 'build_base': '/home/liuiu/桌面/slambook/src/build/ch2', 'catkin_cmake_args': None, 'catkin_skip_building_tests': False, 'cmake_args': None, 'cmake_clean_cache': False, 'cmake_clean_first': False, 'cmake_force_configure': False, 'cmake_target': None, 'cmake_target_skip_unavailable': False, 'install_base': '/home/liuiu/桌面/slambook/src/install/ch2', 'merge_install': False, 'path': '/home/liuiu/桌面/slambook/src/ch2', 'symlink_install': False, 'test_result_base': None}
[0.222s] INFO:colcon.colcon_core.executor:Executing jobs using 'parallel' executor
[0.223s] DEBUG:colcon.colcon_parallel_executor.executor.parallel:run_until_complete
[0.224s] INFO:colcon.colcon_ros.task.ament_cmake.build:Building ROS package in '/home/liuiu/桌面/slambook/src/ch1' with build type 'ament_cmake'
[0.224s] INFO:colcon.colcon_cmake.task.cmake.build:Building CMake package in '/home/liuiu/桌面/slambook/src/ch1'
[0.225s] INFO:colcon.colcon_core.plugin_system:Skipping extension 'colcon_core.shell.bat': Not used on non-Windows systems
[0.226s] INFO:colcon.colcon_core.shell:Skip shell extension 'powershell' for command environment: Not usable outside of PowerShell
[0.226s] DEBUG:colcon.colcon_core.shell:Skip shell extension 'dsv' for command environment
[0.229s] INFO:colcon.colcon_ros.task.ament_cmake.build:Building ROS package in '/home/liuiu/桌面/slambook/src/ch2' with build type 'ament_cmake'
[0.229s] INFO:colcon.colcon_cmake.task.cmake.build:Building CMake package in '/home/liuiu/桌面/slambook/src/ch2'
[0.229s] INFO:colcon.colcon_core.shell:Skip shell extension 'powershell' for command environment: Not usable outside of PowerShell
[0.229s] DEBUG:colcon.colcon_core.shell:Skip shell extension 'dsv' for command environment
[0.235s] DEBUG:colcon.colcon_core.event_handler.log_command:Invoking command in '/home/liuiu/桌面/slambook/src/build/ch1': CMAKE_PREFIX_PATH=${CMAKE_PREFIX_PATH}:/opt/ros/jazzy DEBUGINFOD_URLS=https://debuginfod.ubuntu.com /usr/bin/cmake /home/liuiu/桌面/slambook/src/ch1 -DCMAKE_INSTALL_PREFIX=/home/liuiu/桌面/slambook/src/install/ch1
[0.238s] DEBUG:colcon.colcon_core.event_handler.log_command:Invoking command in '/home/liuiu/桌面/slambook/src/build/ch2': CMAKE_PREFIX_PATH=${CMAKE_PREFIX_PATH}:/opt/ros/jazzy DEBUGINFOD_URLS=https://debuginfod.ubuntu.com /usr/bin/cmake /home/liuiu/桌面/slambook/src/ch2 -DCMAKE_INSTALL_PREFIX=/home/liuiu/桌面/slambook/src/install/ch2
[1.272s] DEBUG:colcon.colcon_core.event_handler.log_command:Invoked command in '/home/liuiu/桌面/slambook/src/build/ch2' returned '0': CMAKE_PREFIX_PATH=${CMAKE_PREFIX_PATH}:/opt/ros/jazzy DEBUGINFOD_URLS=https://debuginfod.ubuntu.com /usr/bin/cmake /home/liuiu/桌面/slambook/src/ch2 -DCMAKE_INSTALL_PREFIX=/home/liuiu/桌面/slambook/src/install/ch2
[1.273s] DEBUG:colcon.colcon_core.event_handler.log_command:Invoking command in '/home/liuiu/桌面/slambook/src/build/ch2': CMAKE_PREFIX_PATH=${CMAKE_PREFIX_PATH}:/opt/ros/jazzy DEBUGINFOD_URLS=https://debuginfod.ubuntu.com /usr/bin/cmake --build /home/liuiu/桌面/slambook/src/build/ch2 -- -j20 -l20
[1.274s] DEBUG:colcon.colcon_core.event_handler.log_command:Invoked command in '/home/liuiu/桌面/slambook/src/build/ch1' returned '0': CMAKE_PREFIX_PATH=${CMAKE_PREFIX_PATH}:/opt/ros/jazzy DEBUGINFOD_URLS=https://debuginfod.ubuntu.com /usr/bin/cmake /home/liuiu/桌面/slambook/src/ch1 -DCMAKE_INSTALL_PREFIX=/home/liuiu/桌面/slambook/src/install/ch1
[1.274s] DEBUG:colcon.colcon_core.event_handler.log_command:Invoking command in '/home/liuiu/桌面/slambook/src/build/ch1': CMAKE_PREFIX_PATH=${CMAKE_PREFIX_PATH}:/opt/ros/jazzy DEBUGINFOD_URLS=https://debuginfod.ubuntu.com /usr/bin/cmake --build /home/liuiu/桌面/slambook/src/build/ch1 -- -j20 -l20
[4.699s] DEBUG:colcon.colcon_core.event_handler.log_command:Invoked command in '/home/liuiu/桌面/slambook/src/build/ch2' returned '0': CMAKE_PREFIX_PATH=${CMAKE_PREFIX_PATH}:/opt/ros/jazzy DEBUGINFOD_URLS=https://debuginfod.ubuntu.com /usr/bin/cmake --build /home/liuiu/桌面/slambook/src/build/ch2 -- -j20 -l20
[4.700s] DEBUG:colcon.colcon_core.event_handler.log_command:Invoked command in '/home/liuiu/桌面/slambook/src/build/ch1' returned '0': CMAKE_PREFIX_PATH=${CMAKE_PREFIX_PATH}:/opt/ros/jazzy DEBUGINFOD_URLS=https://debuginfod.ubuntu.com /usr/bin/cmake --build /home/liuiu/桌面/slambook/src/build/ch1 -- -j20 -l20
[4.730s] DEBUG:colcon.colcon_core.event_handler.log_command:Invoking command in '/home/liuiu/桌面/slambook/src/build/ch2': CMAKE_PREFIX_PATH=${CMAKE_PREFIX_PATH}:/opt/ros/jazzy DEBUGINFOD_URLS=https://debuginfod.ubuntu.com /usr/bin/cmake --install /home/liuiu/桌面/slambook/src/build/ch2
[4.731s] DEBUG:colcon.colcon_core.event_handler.log_command:Invoking command in '/home/liuiu/桌面/slambook/src/build/ch1': CMAKE_PREFIX_PATH=${CMAKE_PREFIX_PATH}:/opt/ros/jazzy DEBUGINFOD_URLS=https://debuginfod.ubuntu.com /usr/bin/cmake --install /home/liuiu/桌面/slambook/src/build/ch1
[4.740s] Level 1:colcon.colcon_core.environment:create_environment_scripts_only(ch2)
[4.740s] DEBUG:colcon.colcon_core.event_handler.log_command:Invoked command in '/home/liuiu/桌面/slambook/src/build/ch2' returned '0': CMAKE_PREFIX_PATH=${CMAKE_PREFIX_PATH}:/opt/ros/jazzy DEBUGINFOD_URLS=https://debuginfod.ubuntu.com /usr/bin/cmake --install /home/liuiu/桌面/slambook/src/build/ch2
[4.742s] Level 1:colcon.colcon_core.environment:checking '/home/liuiu/桌面/slambook/src/install/ch2' for CMake module files
[4.743s] Level 1:colcon.colcon_core.environment:checking '/home/liuiu/桌面/slambook/src/install/ch2' for CMake config files
[4.743s] Level 1:colcon.colcon_core.shell:create_environment_hook('ch2', 'cmake_prefix_path')
[4.743s] INFO:colcon.colcon_core.shell:Creating environment hook '/home/liuiu/桌面/slambook/src/install/ch2/share/ch2/hook/cmake_prefix_path.ps1'
[4.744s] INFO:colcon.colcon_core.shell:Creating environment descriptor '/home/liuiu/桌面/slambook/src/install/ch2/share/ch2/hook/cmake_prefix_path.dsv'
[4.744s] INFO:colcon.colcon_core.shell:Creating environment hook '/home/liuiu/桌面/slambook/src/install/ch2/share/ch2/hook/cmake_prefix_path.sh'
[4.745s] Level 1:colcon.colcon_core.environment:checking '/home/liuiu/桌面/slambook/src/install/ch2/lib'
[4.745s] Level 1:colcon.colcon_core.environment:checking '/home/liuiu/桌面/slambook/src/install/ch2/bin'
[4.745s] Level 1:colcon.colcon_core.environment:checking '/home/liuiu/桌面/slambook/src/install/ch2/lib/pkgconfig/ch2.pc'
[4.745s] Level 1:colcon.colcon_core.environment:checking '/home/liuiu/桌面/slambook/src/install/ch2/lib/python3.12/site-packages'
[4.746s] Level 1:colcon.colcon_core.environment:checking '/home/liuiu/桌面/slambook/src/install/ch2/bin'
[4.746s] INFO:colcon.colcon_core.shell:Creating package script '/home/liuiu/桌面/slambook/src/install/ch2/share/ch2/package.ps1'
[4.746s] INFO:colcon.colcon_core.shell:Creating package descriptor '/home/liuiu/桌面/slambook/src/install/ch2/share/ch2/package.dsv'
[4.747s] INFO:colcon.colcon_core.shell:Creating package script '/home/liuiu/桌面/slambook/src/install/ch2/share/ch2/package.sh'
[4.747s] INFO:colcon.colcon_core.shell:Creating package script '/home/liuiu/桌面/slambook/src/install/ch2/share/ch2/package.bash'
[4.748s] INFO:colcon.colcon_core.shell:Creating package script '/home/liuiu/桌面/slambook/src/install/ch2/share/ch2/package.zsh'
[4.748s] Level 1:colcon.colcon_core.environment:create_file_with_runtime_dependencies(/home/liuiu/桌面/slambook/src/install/ch2/share/colcon-core/packages/ch2)
[4.750s] Level 1:colcon.colcon_core.environment:create_environment_scripts_only(ch1)
[4.750s] Level 1:colcon.colcon_core.environment:checking '/home/liuiu/桌面/slambook/src/install/ch1' for CMake module files
[4.750s] DEBUG:colcon.colcon_core.event_handler.log_command:Invoked command in '/home/liuiu/桌面/slambook/src/build/ch1' returned '0': CMAKE_PREFIX_PATH=${CMAKE_PREFIX_PATH}:/opt/ros/jazzy DEBUGINFOD_URLS=https://debuginfod.ubuntu.com /usr/bin/cmake --install /home/liuiu/桌面/slambook/src/build/ch1
[4.751s] Level 1:colcon.colcon_core.environment:checking '/home/liuiu/桌面/slambook/src/install/ch1' for CMake config files
[4.751s] Level 1:colcon.colcon_core.shell:create_environment_hook('ch1', 'cmake_prefix_path')
[4.751s] INFO:colcon.colcon_core.shell:Creating environment hook '/home/liuiu/桌面/slambook/src/install/ch1/share/ch1/hook/cmake_prefix_path.ps1'
[4.752s] INFO:colcon.colcon_core.shell:Creating environment descriptor '/home/liuiu/桌面/slambook/src/install/ch1/share/ch1/hook/cmake_prefix_path.dsv'
[4.752s] INFO:colcon.colcon_core.shell:Creating environment hook '/home/liuiu/桌面/slambook/src/install/ch1/share/ch1/hook/cmake_prefix_path.sh'
[4.753s] Level 1:colcon.colcon_core.environment:checking '/home/liuiu/桌面/slambook/src/install/ch1/lib'
[4.753s] Level 1:colcon.colcon_core.environment:checking '/home/liuiu/桌面/slambook/src/install/ch1/bin'
[4.753s] Level 1:colcon.colcon_core.environment:checking '/home/liuiu/桌面/slambook/src/install/ch1/lib/pkgconfig/ch1.pc'
[4.753s] Level 1:colcon.colcon_core.environment:checking '/home/liuiu/桌面/slambook/src/install/ch1/lib/python3.12/site-packages'
[4.753s] Level 1:colcon.colcon_core.environment:checking '/home/liuiu/桌面/slambook/src/install/ch1/bin'
[4.753s] INFO:colcon.colcon_core.shell:Creating package script '/home/liuiu/桌面/slambook/src/install/ch1/share/ch1/package.ps1'
[4.754s] INFO:colcon.colcon_core.shell:Creating package descriptor '/home/liuiu/桌面/slambook/src/install/ch1/share/ch1/package.dsv'
[4.754s] INFO:colcon.colcon_core.shell:Creating package script '/home/liuiu/桌面/slambook/src/install/ch1/share/ch1/package.sh'
[4.754s] INFO:colcon.colcon_core.shell:Creating package script '/home/liuiu/桌面/slambook/src/install/ch1/share/ch1/package.bash'
[4.755s] INFO:colcon.colcon_core.shell:Creating package script '/home/liuiu/桌面/slambook/src/install/ch1/share/ch1/package.zsh'
[4.755s] Level 1:colcon.colcon_core.environment:create_file_with_runtime_dependencies(/home/liuiu/桌面/slambook/src/install/ch1/share/colcon-core/packages/ch1)
[4.769s] Level 1:colcon.colcon_core.environment:create_environment_scripts_only(ch2)
[4.769s] Level 1:colcon.colcon_core.environment:checking '/home/liuiu/桌面/slambook/src/install/ch2' for CMake module files
[4.769s] Level 1:colcon.colcon_core.environment:checking '/home/liuiu/桌面/slambook/src/install/ch2' for CMake config files
[4.770s] Level 1:colcon.colcon_core.shell:create_environment_hook('ch2', 'cmake_prefix_path')
[4.770s] INFO:colcon.colcon_core.shell:Creating environment hook '/home/liuiu/桌面/slambook/src/install/ch2/share/ch2/hook/cmake_prefix_path.ps1'
[4.770s] INFO:colcon.colcon_core.shell:Creating environment descriptor '/home/liuiu/桌面/slambook/src/install/ch2/share/ch2/hook/cmake_prefix_path.dsv'
[4.771s] INFO:colcon.colcon_core.shell:Creating environment hook '/home/liuiu/桌面/slambook/src/install/ch2/share/ch2/hook/cmake_prefix_path.sh'
[4.771s] Level 1:colcon.colcon_core.environment:checking '/home/liuiu/桌面/slambook/src/install/ch2/lib'
[4.771s] Level 1:colcon.colcon_core.environment:checking '/home/liuiu/桌面/slambook/src/install/ch2/bin'
[4.771s] Level 1:colcon.colcon_core.environment:checking '/home/liuiu/桌面/slambook/src/install/ch2/lib/pkgconfig/ch2.pc'
[4.772s] Level 1:colcon.colcon_core.environment:checking '/home/liuiu/桌面/slambook/src/install/ch2/lib/python3.12/site-packages'
[4.772s] Level 1:colcon.colcon_core.environment:checking '/home/liuiu/桌面/slambook/src/install/ch2/bin'
[4.772s] INFO:colcon.colcon_core.shell:Creating package script '/home/liuiu/桌面/slambook/src/install/ch2/share/ch2/package.ps1'
[4.772s] INFO:colcon.colcon_core.shell:Creating package descriptor '/home/liuiu/桌面/slambook/src/install/ch2/share/ch2/package.dsv'
[4.773s] INFO:colcon.colcon_core.shell:Creating package script '/home/liuiu/桌面/slambook/src/install/ch2/share/ch2/package.sh'
[4.773s] INFO:colcon.colcon_core.shell:Creating package script '/home/liuiu/桌面/slambook/src/install/ch2/share/ch2/package.bash'
[4.774s] INFO:colcon.colcon_core.shell:Creating package script '/home/liuiu/桌面/slambook/src/install/ch2/share/ch2/package.zsh'
[4.774s] Level 1:colcon.colcon_core.environment:create_file_with_runtime_dependencies(/home/liuiu/桌面/slambook/src/install/ch2/share/colcon-core/packages/ch2)
[4.775s] Level 1:colcon.colcon_core.environment:create_environment_scripts_only(ch1)
[4.775s] Level 1:colcon.colcon_core.environment:checking '/home/liuiu/桌面/slambook/src/install/ch1' for CMake module files
[4.776s] Level 1:colcon.colcon_core.environment:checking '/home/liuiu/桌面/slambook/src/install/ch1' for CMake config files
[4.776s] Level 1:colcon.colcon_core.shell:create_environment_hook('ch1', 'cmake_prefix_path')
[4.776s] INFO:colcon.colcon_core.shell:Creating environment hook '/home/liuiu/桌面/slambook/src/install/ch1/share/ch1/hook/cmake_prefix_path.ps1'
[4.776s] INFO:colcon.colcon_core.shell:Creating environment descriptor '/home/liuiu/桌面/slambook/src/install/ch1/share/ch1/hook/cmake_prefix_path.dsv'
[4.777s] INFO:colcon.colcon_core.shell:Creating environment hook '/home/liuiu/桌面/slambook/src/install/ch1/share/ch1/hook/cmake_prefix_path.sh'
[4.777s] Level 1:colcon.colcon_core.environment:checking '/home/liuiu/桌面/slambook/src/install/ch1/lib'
[4.777s] Level 1:colcon.colcon_core.environment:checking '/home/liuiu/桌面/slambook/src/install/ch1/bin'
[4.777s] Level 1:colcon.colcon_core.environment:checking '/home/liuiu/桌面/slambook/src/install/ch1/lib/pkgconfig/ch1.pc'
[4.777s] Level 1:colcon.colcon_core.environment:checking '/home/liuiu/桌面/slambook/src/install/ch1/lib/python3.12/site-packages'
[4.778s] Level 1:colcon.colcon_core.environment:checking '/home/liuiu/桌面/slambook/src/install/ch1/bin'
[4.778s] INFO:colcon.colcon_core.shell:Creating package script '/home/liuiu/桌面/slambook/src/install/ch1/share/ch1/package.ps1'
[4.778s] INFO:colcon.colcon_core.shell:Creating package descriptor '/home/liuiu/桌面/slambook/src/install/ch1/share/ch1/package.dsv'
[4.779s] INFO:colcon.colcon_core.shell:Creating package script '/home/liuiu/桌面/slambook/src/install/ch1/share/ch1/package.sh'
[4.779s] INFO:colcon.colcon_core.shell:Creating package script '/home/liuiu/桌面/slambook/src/install/ch1/share/ch1/package.bash'
[4.779s] INFO:colcon.colcon_core.shell:Creating package script '/home/liuiu/桌面/slambook/src/install/ch1/share/ch1/package.zsh'
[4.780s] Level 1:colcon.colcon_core.environment:create_file_with_runtime_dependencies(/home/liuiu/桌面/slambook/src/install/ch1/share/colcon-core/packages/ch1)
[4.780s] DEBUG:colcon.colcon_parallel_executor.executor.parallel:closing loop
[4.780s] DEBUG:colcon.colcon_parallel_executor.executor.parallel:loop closed
[4.780s] DEBUG:colcon.colcon_parallel_executor.executor.parallel:run_until_complete finished with '0'
[4.781s] DEBUG:colcon.colcon_core.event_reactor:joining thread
[4.784s] INFO:colcon.colcon_core.plugin_system:Skipping extension 'colcon_notification.desktop_notification.terminal_notifier': Not used on non-Darwin systems
[4.784s] INFO:colcon.colcon_core.plugin_system:Skipping extension 'colcon_notification.desktop_notification.win32': Not used on non-Windows systems
[4.784s] INFO:colcon.colcon_notification.desktop_notification:Sending desktop notification using 'notify2'
[4.793s] DEBUG:colcon.colcon_core.event_reactor:joined thread
[4.794s] INFO:colcon.colcon_core.shell:Creating prefix script '/home/liuiu/桌面/slambook/src/install/local_setup.ps1'
[4.794s] INFO:colcon.colcon_core.shell:Creating prefix util module '/home/liuiu/桌面/slambook/src/install/_local_setup_util_ps1.py'
[4.795s] INFO:colcon.colcon_core.shell:Creating prefix chain script '/home/liuiu/桌面/slambook/src/install/setup.ps1'
[4.796s] INFO:colcon.colcon_core.shell:Creating prefix script '/home/liuiu/桌面/slambook/src/install/local_setup.sh'
[4.797s] INFO:colcon.colcon_core.shell:Creating prefix util module '/home/liuiu/桌面/slambook/src/install/_local_setup_util_sh.py'
[4.797s] INFO:colcon.colcon_core.shell:Creating prefix chain script '/home/liuiu/桌面/slambook/src/install/setup.sh'
[4.798s] INFO:colcon.colcon_core.shell:Creating prefix script '/home/liuiu/桌面/slambook/src/install/local_setup.bash'
[4.798s] INFO:colcon.colcon_core.shell:Creating prefix chain script '/home/liuiu/桌面/slambook/src/install/setup.bash'
[4.799s] INFO:colcon.colcon_core.shell:Creating prefix script '/home/liuiu/桌面/slambook/src/install/local_setup.zsh'
[4.800s] INFO:colcon.colcon_core.shell:Creating prefix chain script '/home/liuiu/桌面/slambook/src/install/setup.zsh'
