[0.009s] Invoking command in '/home/liuiu/桌面/slambook/src/build/ch2': CMAKE_PREFIX_PATH=${CMAKE_PREFIX_PATH}:/opt/ros/jazzy DEBUGINFOD_URLS=https://debuginfod.ubuntu.com /usr/bin/cmake /home/liuiu/桌面/slambook/src/ch2 -DCMAKE_INSTALL_PREFIX=/home/liuiu/桌面/slambook/src/install/ch2
[0.059s] -- The C compiler identification is GNU 13.2.0
[0.114s] -- The CXX compiler identification is GNU 13.2.0
[0.128s] -- Detecting C compiler ABI info
[0.209s] -- Detecting C compiler ABI info - done
[0.220s] -- Check for working C compiler: /usr/bin/cc - skipped
[0.220s] -- Detecting C compile features
[0.220s] -- Detecting C compile features - done
[0.229s] -- Detecting CXX compiler ABI info
[0.318s] -- Detecting CXX compiler ABI info - done
[0.329s] -- Check for working CXX compiler: /usr/bin/c++ - skipped
[0.329s] -- Detecting CXX compile features
[0.329s] -- Detecting CXX compile features - done
[0.332s] -- Found ament_cmake: 2.5.2 (/opt/ros/jazzy/share/ament_cmake/cmake)
[0.468s] -- Found Python3: /usr/bin/python3 (found version "3.12.3") found components: Interpreter 
[0.566s] -- Found rclcpp: 28.1.5 (/opt/ros/jazzy/share/rclcpp/cmake)
[0.602s] -- Found rosidl_generator_c: 4.6.4 (/opt/ros/jazzy/share/rosidl_generator_c/cmake)
[0.615s] -- Found rosidl_generator_cpp: 4.6.4 (/opt/ros/jazzy/share/rosidl_generator_cpp/cmake)
[0.630s] -- Using all available rosidl_typesupport_c: rosidl_typesupport_fastrtps_c;rosidl_typesupport_introspection_c
[0.647s] -- Using all available rosidl_typesupport_cpp: rosidl_typesupport_fastrtps_cpp;rosidl_typesupport_introspection_cpp
[0.729s] -- Found rmw_implementation_cmake: 7.3.1 (/opt/ros/jazzy/share/rmw_implementation_cmake/cmake)
[0.732s] -- Found rmw_fastrtps_cpp: 8.4.1 (/opt/ros/jazzy/share/rmw_fastrtps_cpp/cmake)
[0.798s] -- Found OpenSSL: /usr/lib/x86_64-linux-gnu/libcrypto.so (found version "3.0.13")  
[0.816s] -- Found FastRTPS: /opt/ros/jazzy/include (Required is at least version "2.13") 
[0.838s] -- Using RMW implementation 'rmw_fastrtps_cpp' as default
[0.920s] -- Found ament_lint_auto: 0.17.1 (/opt/ros/jazzy/share/ament_lint_auto/cmake)
[1.020s] -- Added test 'cppcheck' to perform static code analysis on C / C++ code
[1.020s] -- Configured cppcheck include dirs: 
[1.020s] -- Configured cppcheck exclude dirs and/or files: 
[1.021s] -- Added test 'lint_cmake' to check CMake code style
[1.022s] -- Added test 'uncrustify' to check C / C++ code style
[1.022s] -- Configured uncrustify additional arguments: 
[1.022s] -- Added test 'xmllint' to check XML markup files
[1.024s] -- Configuring done (1.0s)
[1.033s] -- Generating done (0.0s)
[1.034s] -- Build files have been written to: /home/liuiu/桌面/slambook/src/build/ch2
[1.043s] Invoked command in '/home/liuiu/桌面/slambook/src/build/ch2' returned '0': CMAKE_PREFIX_PATH=${CMAKE_PREFIX_PATH}:/opt/ros/jazzy DEBUGINFOD_URLS=https://debuginfod.ubuntu.com /usr/bin/cmake /home/liuiu/桌面/slambook/src/ch2 -DCMAKE_INSTALL_PREFIX=/home/liuiu/桌面/slambook/src/install/ch2
[1.044s] Invoking command in '/home/liuiu/桌面/slambook/src/build/ch2': CMAKE_PREFIX_PATH=${CMAKE_PREFIX_PATH}:/opt/ros/jazzy DEBUGINFOD_URLS=https://debuginfod.ubuntu.com /usr/bin/cmake --build /home/liuiu/桌面/slambook/src/build/ch2 -- -j20 -l20
[1.088s] [ 50%] [32mBuilding CXX object CMakeFiles/helloSLAM.dir/src/helloSLAM.cpp.o[0m
[4.351s] [100%] [32m[1mLinking CXX executable helloSLAM[0m
[4.459s] [100%] Built target helloSLAM
[4.470s] Invoked command in '/home/liuiu/桌面/slambook/src/build/ch2' returned '0': CMAKE_PREFIX_PATH=${CMAKE_PREFIX_PATH}:/opt/ros/jazzy DEBUGINFOD_URLS=https://debuginfod.ubuntu.com /usr/bin/cmake --build /home/liuiu/桌面/slambook/src/build/ch2 -- -j20 -l20
[4.501s] Invoking command in '/home/liuiu/桌面/slambook/src/build/ch2': CMAKE_PREFIX_PATH=${CMAKE_PREFIX_PATH}:/opt/ros/jazzy DEBUGINFOD_URLS=https://debuginfod.ubuntu.com /usr/bin/cmake --install /home/liuiu/桌面/slambook/src/build/ch2
[4.508s] -- Install configuration: ""
[4.508s] -- Installing: /home/liuiu/桌面/slambook/src/install/ch2/share/ament_index/resource_index/package_run_dependencies/ch2
[4.508s] -- Installing: /home/liuiu/桌面/slambook/src/install/ch2/share/ament_index/resource_index/parent_prefix_path/ch2
[4.508s] -- Installing: /home/liuiu/桌面/slambook/src/install/ch2/share/ch2/environment/ament_prefix_path.sh
[4.508s] -- Installing: /home/liuiu/桌面/slambook/src/install/ch2/share/ch2/environment/ament_prefix_path.dsv
[4.508s] -- Installing: /home/liuiu/桌面/slambook/src/install/ch2/share/ch2/environment/path.sh
[4.508s] -- Installing: /home/liuiu/桌面/slambook/src/install/ch2/share/ch2/environment/path.dsv
[4.508s] -- Installing: /home/liuiu/桌面/slambook/src/install/ch2/share/ch2/local_setup.bash
[4.508s] -- Installing: /home/liuiu/桌面/slambook/src/install/ch2/share/ch2/local_setup.sh
[4.509s] -- Installing: /home/liuiu/桌面/slambook/src/install/ch2/share/ch2/local_setup.zsh
[4.509s] -- Installing: /home/liuiu/桌面/slambook/src/install/ch2/share/ch2/local_setup.dsv
[4.509s] -- Installing: /home/liuiu/桌面/slambook/src/install/ch2/share/ch2/package.dsv
[4.509s] -- Installing: /home/liuiu/桌面/slambook/src/install/ch2/share/ament_index/resource_index/packages/ch2
[4.509s] -- Installing: /home/liuiu/桌面/slambook/src/install/ch2/share/ch2/cmake/ch2Config.cmake
[4.509s] -- Installing: /home/liuiu/桌面/slambook/src/install/ch2/share/ch2/cmake/ch2Config-version.cmake
[4.509s] -- Installing: /home/liuiu/桌面/slambook/src/install/ch2/share/ch2/package.xml
[4.509s] -- Installing: /home/liuiu/桌面/slambook/src/install/ch2/lib/ch2/helloSLAM
[4.510s] -- Set non-toolchain portion of runtime path of "/home/liuiu/桌面/slambook/src/install/ch2/lib/ch2/helloSLAM" to ""
[4.511s] Invoked command in '/home/liuiu/桌面/slambook/src/build/ch2' returned '0': CMAKE_PREFIX_PATH=${CMAKE_PREFIX_PATH}:/opt/ros/jazzy DEBUGINFOD_URLS=https://debuginfod.ubuntu.com /usr/bin/cmake --install /home/liuiu/桌面/slambook/src/build/ch2
